Library/Bee/Android/Prj/IL2CPP/Gradle/launcher/build/intermediates/manifest_merge_blame_file/release/manifest-merger-blame-release-report.txt
1<?xml version="1.0" encoding="utf-8"?>
2<manifest xmlns:android="http://schemas.android.com/apk/res/android"
3    package="com.DefaultCompany.Myproject"
4    android:installLocation="preferExternal"
5    android:versionCode="1"
6    android:versionName="0.1" >
7
8    <uses-sdk
9        android:minSdkVersion="26"
9-->src\main\AndroidManifest.xml
10        android:targetSdkVersion="32" />
10-->src\main\AndroidManifest.xml
11
12    <supports-screens
12-->src\main\AndroidManifest.xml:4:3-163
13        android:anyDensity="true"
13-->src\main\AndroidManifest.xml:4:135-160
14        android:largeScreens="true"
14-->src\main\AndroidManifest.xml:4:78-105
15        android:normalScreens="true"
15-->src\main\AndroidManifest.xml:4:49-77
16        android:smallScreens="true"
16-->src\main\AndroidManifest.xml:4:21-48
17        android:xlargeScreens="true" />
17-->src\main\AndroidManifest.xml:4:106-134
18
19    <uses-feature
19-->[:unityLibrary] AndroidManifest.xml:10:5-54
20        android:glEsVersion="0x00030000"
20-->[:unityLibrary] AndroidManifest.xml:10:19-51
21        android:required="true" />
21-->[:GfxPluginCardboard:] AndroidManifest.xml:13:9-32
22    <uses-feature
22-->[:unityLibrary] AndroidManifest.xml:11:5-13:36
23        android:name="android.hardware.vulkan.version"
23-->[:unityLibrary] AndroidManifest.xml:12:9-55
24        android:required="false" />
24-->[:unityLibrary] AndroidManifest.xml:13:9-33
25    <uses-feature
25-->[:unityLibrary] AndroidManifest.xml:14:5-16:36
26        android:name="android.hardware.touchscreen"
26-->[:unityLibrary] AndroidManifest.xml:15:9-52
27        android:required="false" />
27-->[:unityLibrary] AndroidManifest.xml:16:9-33
28    <uses-feature
28-->[:unityLibrary] AndroidManifest.xml:17:5-19:36
29        android:name="android.hardware.touchscreen.multitouch"
29-->[:unityLibrary] AndroidManifest.xml:18:9-63
30        android:required="false" />
30-->[:unityLibrary] AndroidManifest.xml:19:9-33
31    <uses-feature
31-->[:unityLibrary] AndroidManifest.xml:20:5-22:36
32        android:name="android.hardware.touchscreen.multitouch.distinct"
32-->[:unityLibrary] AndroidManifest.xml:21:9-72
33        android:required="false" />
33-->[:unityLibrary] AndroidManifest.xml:22:9-33
34
35    <uses-permission android:name="android.permission.CAMERA" />
35-->[:GfxPluginCardboard:] AndroidManifest.xml:15:5-65
35-->[:GfxPluginCardboard:] AndroidManifest.xml:15:22-62
36    <uses-permission android:name="android.permission.WRITE_EXTERNAL_STORAGE" />
36-->[:GfxPluginCardboard:] AndroidManifest.xml:16:5-81
36-->[:GfxPluginCardboard:] AndroidManifest.xml:16:22-78
37    <uses-permission android:name="android.permission.INTERNET" />
37-->[:GfxPluginCardboard:] AndroidManifest.xml:17:5-67
37-->[:GfxPluginCardboard:] AndroidManifest.xml:17:22-64
38    <uses-permission android:name="android.permission.NFC" />
38-->[:GfxPluginCardboard:] AndroidManifest.xml:18:5-62
38-->[:GfxPluginCardboard:] AndroidManifest.xml:18:22-59
39    <uses-permission android:name="android.permission.READ_EXTERNAL_STORAGE" />
40
41    <application
41-->src\main\AndroidManifest.xml:3:3-83
42        android:appComponentFactory="androidx.core.app.CoreComponentFactory"
42-->[androidx.core:core:1.7.0] AndroidManifest.xml:24:18-86
43        android:extractNativeLibs="true"
43-->[:unityLibrary] AndroidManifest.xml:24:18-50
44        android:icon="@mipmap/app_icon"
44-->src\main\AndroidManifest.xml:3:49-80
45        android:label="@string/app_name" >
45-->src\main\AndroidManifest.xml:3:16-48
46        <meta-data
46-->[:unityLibrary] AndroidManifest.xml:25:9-27:33
47            android:name="unity.splash-mode"
47-->[:unityLibrary] AndroidManifest.xml:26:13-45
48            android:value="0" />
48-->[:unityLibrary] AndroidManifest.xml:27:13-30
49        <meta-data
49-->[:unityLibrary] AndroidManifest.xml:28:9-30:36
50            android:name="unity.splash-enable"
50-->[:unityLibrary] AndroidManifest.xml:29:13-47
51            android:value="True" />
51-->[:unityLibrary] AndroidManifest.xml:30:13-33
52        <meta-data
52-->[:unityLibrary] AndroidManifest.xml:31:9-33:36
53            android:name="unity.launch-fullscreen"
53-->[:unityLibrary] AndroidManifest.xml:32:13-51
54            android:value="True" />
54-->[:unityLibrary] AndroidManifest.xml:33:13-33
55        <meta-data
55-->[:unityLibrary] AndroidManifest.xml:34:9-36:37
56            android:name="unity.allow-resizable-window"
56-->[:unityLibrary] AndroidManifest.xml:35:13-56
57            android:value="False" />
57-->[:unityLibrary] AndroidManifest.xml:36:13-34
58        <meta-data
58-->[:unityLibrary] AndroidManifest.xml:37:9-39:50
59            android:name="notch.config"
59-->[:unityLibrary] AndroidManifest.xml:38:13-40
60            android:value="portrait|landscape" />
60-->[:unityLibrary] AndroidManifest.xml:39:13-47
61        <meta-data
61-->[:unityLibrary] AndroidManifest.xml:40:9-42:36
62            android:name="unity.auto-report-fully-drawn"
62-->[:unityLibrary] AndroidManifest.xml:41:13-57
63            android:value="true" />
63-->[:unityLibrary] AndroidManifest.xml:42:13-33
64
65        <activity
65-->[:unityLibrary] AndroidManifest.xml:44:9-65:20
66            android:name="com.unity3d.player.UnityPlayerActivity"
66-->[:unityLibrary] AndroidManifest.xml:45:13-66
67            android:configChanges="mcc|mnc|locale|touchscreen|keyboard|keyboardHidden|navigation|orientation|screenLayout|uiMode|screenSize|smallestScreenSize|fontScale|layoutDirection|density"
67-->[:unityLibrary] AndroidManifest.xml:46:13-194
68            android:exported="true"
68-->[:unityLibrary] AndroidManifest.xml:47:13-36
69            android:hardwareAccelerated="false"
69-->[:unityLibrary] AndroidManifest.xml:48:13-48
70            android:launchMode="singleTask"
70-->[:unityLibrary] AndroidManifest.xml:49:13-44
71            android:resizeableActivity="false"
71-->[:unityLibrary] AndroidManifest.xml:50:13-47
72            android:screenOrientation="fullUser"
72-->[:unityLibrary] AndroidManifest.xml:51:13-49
73            android:theme="@style/UnityThemeSelector" >
73-->[:unityLibrary] AndroidManifest.xml:52:13-54
74            <intent-filter>
74-->[:unityLibrary] AndroidManifest.xml:53:13-57:29
75                <category android:name="android.intent.category.LAUNCHER" />
75-->[:unityLibrary] AndroidManifest.xml:54:17-77
75-->[:unityLibrary] AndroidManifest.xml:54:27-74
76
77                <action android:name="android.intent.action.MAIN" />
77-->[:unityLibrary] AndroidManifest.xml:56:17-69
77-->[:unityLibrary] AndroidManifest.xml:56:25-66
78            </intent-filter>
79
80            <meta-data
80-->[:unityLibrary] AndroidManifest.xml:59:13-61:40
81                android:name="unityplayer.UnityActivity"
81-->[:unityLibrary] AndroidManifest.xml:60:17-57
82                android:value="true" />
82-->[:unityLibrary] AndroidManifest.xml:61:17-37
83            <meta-data
83-->[:unityLibrary] AndroidManifest.xml:62:13-64:40
84                android:name="notch_support"
84-->[:unityLibrary] AndroidManifest.xml:63:17-45
85                android:value="true" />
85-->[:unityLibrary] AndroidManifest.xml:64:17-37
86        </activity>
87        <activity
87-->[:GfxPluginCardboard:] AndroidManifest.xml:21:9-25:66
88            android:name="com.google.cardboard.sdk.QrCodeCaptureActivity"
88-->[:GfxPluginCardboard:] AndroidManifest.xml:22:13-74
89            android:exported="false"
89-->[:GfxPluginCardboard:] AndroidManifest.xml:23:13-37
90            android:label="@string/title_activity_qr_code_capture"
90-->[:GfxPluginCardboard:] AndroidManifest.xml:24:13-67
91            android:theme="@style/Theme.AppCompat.NoActionBar" />
91-->[:GfxPluginCardboard:] AndroidManifest.xml:25:13-63
92        <!--
93          Activity whose sole purpose is to update Cardboard device params when a Cardboard V1
94          NFC tag is detected.
95        -->
96        <activity
96-->[:GfxPluginCardboard:] AndroidManifest.xml:31:9-44:20
97            android:name="com.google.cardboard.sdk.HeadsetDetectionActivity"
97-->[:GfxPluginCardboard:] AndroidManifest.xml:32:13-77
98            android:exported="true"
98-->[:GfxPluginCardboard:] AndroidManifest.xml:33:13-36
99            android:label="@string/headset_detection_activity_title" >
99-->[:GfxPluginCardboard:] AndroidManifest.xml:34:13-69
100
101            <!-- Handles the Cardboard V1 NFC tag released at Google I/O 2014. -->
102            <intent-filter>
102-->[:GfxPluginCardboard:] AndroidManifest.xml:37:13-43:29
103                <action android:name="android.nfc.action.NDEF_DISCOVERED" />
103-->[:GfxPluginCardboard:] AndroidManifest.xml:38:17-77
103-->[:GfxPluginCardboard:] AndroidManifest.xml:38:25-74
104
105                <category android:name="android.intent.category.DEFAULT" />
105-->[:GfxPluginCardboard:] AndroidManifest.xml:40:17-76
105-->[:GfxPluginCardboard:] AndroidManifest.xml:40:27-73
106
107                <data android:scheme="cardboard" />
107-->[:GfxPluginCardboard:] AndroidManifest.xml:42:17-52
107-->[:GfxPluginCardboard:] AndroidManifest.xml:42:23-49
108            </intent-filter>
109        </activity>
110        <activity
110-->[com.google.android.gms:play-services-base:17.4.0] AndroidManifest.xml:23:9-26:75
111            android:name="com.google.android.gms.common.api.GoogleApiActivity"
111-->[com.google.android.gms:play-services-base:17.4.0] AndroidManifest.xml:24:13-79
112            android:exported="false"
112-->[com.google.android.gms:play-services-base:17.4.0] AndroidManifest.xml:25:13-37
113            android:theme="@android:style/Theme.Translucent.NoTitleBar" />
113-->[com.google.android.gms:play-services-base:17.4.0] AndroidManifest.xml:26:13-72
114
115        <meta-data
115-->[com.google.android.gms:play-services-basement:17.4.0] AndroidManifest.xml:23:9-25:69
116            android:name="com.google.android.gms.version"
116-->[com.google.android.gms:play-services-basement:17.4.0] AndroidManifest.xml:24:13-58
117            android:value="@integer/google_play_services_version" />
117-->[com.google.android.gms:play-services-basement:17.4.0] AndroidManifest.xml:25:13-66
118
119        <provider
119-->[androidx.emoji2:emoji2:1.0.0] AndroidManifest.xml:26:9-34:20
120            android:name="androidx.startup.InitializationProvider"
120-->[androidx.emoji2:emoji2:1.0.0] AndroidManifest.xml:27:13-67
121            android:authorities="com.DefaultCompany.Myproject.androidx-startup"
121-->[androidx.emoji2:emoji2:1.0.0] AndroidManifest.xml:28:13-68
122            android:exported="false" >
122-->[androidx.emoji2:emoji2:1.0.0] AndroidManifest.xml:29:13-37
123            <meta-data
123-->[androidx.emoji2:emoji2:1.0.0] AndroidManifest.xml:31:13-33:52
124                android:name="androidx.emoji2.text.EmojiCompatInitializer"
124-->[androidx.emoji2:emoji2:1.0.0] AndroidManifest.xml:32:17-75
125                android:value="androidx.startup" />
125-->[androidx.emoji2:emoji2:1.0.0] AndroidManifest.xml:33:17-49
126            <meta-data
126-->[androidx.lifecycle:lifecycle-process:2.4.0] AndroidManifest.xml:31:13-33:52
127                android:name="androidx.lifecycle.ProcessLifecycleInitializer"
127-->[androidx.lifecycle:lifecycle-process:2.4.0] AndroidManifest.xml:32:17-78
128                android:value="androidx.startup" />
128-->[androidx.lifecycle:lifecycle-process:2.4.0] AndroidManifest.xml:33:17-49
129        </provider>
130    </application>
131
132</manifest>